# JRE version: OpenJDK Runtime Environment (8.0_152-b01) (build 1.8.0_152-release-1343-b01)
# Java VM: OpenJDK 64-Bit Server VM (25.152-b01 mixed mode windows-amd64 compressed oops)
Heap:
 PSYoungGen      total 340992K, used 95237K [0x00000000e0000000, 0x00000000fb100000, 0x0000000100000000)
  eden space 275456K, 24% used [0x00000000e0000000,0x00000000e40e02b0,0x00000000f0d00000)
  from space 65536K, 43% used [0x00000000f0d00000,0x00000000f2921478,0x00000000f4d00000)
  to   space 61952K, 0% used [0x00000000f7480000,0x00000000f7480000,0x00000000fb100000)
 ParOldGen       total 162816K, used 43037K [0x00000000a0000000, 0x00000000a9f00000, 0x00000000e0000000)
  object space 162816K, 26% used [0x00000000a0000000,0x00000000a2a075b0,0x00000000a9f00000)
 Metaspace       used 121985K, capacity 127938K, committed 128280K, reserved 1161216K
  class space    used 15186K, capacity 16266K, committed 16408K, reserved 1048576K
GC Heap History (10 events):
Event: 7924.154 GC heap before
{Heap before GC invocations=43 (full 4):
 PSYoungGen      total 310272K, used 11360K [0x00000000e0000000, 0x00000000f7880000, 0x0000000100000000)
  eden space 249344K, 0% used [0x00000000e0000000,0x00000000e0000000,0x00000000ef380000)
  from space 60928K, 18% used [0x00000000ef380000,0x00000000efe98280,0x00000000f2f00000)
  to   space 59904K, 0% used [0x00000000f3e00000,0x00000000f3e00000,0x00000000f7880000)
 ParOldGen       total 118272K, used 89582K [0x00000000a0000000, 0x00000000a7380000, 0x00000000e0000000)
  object space 118272K, 75% used [0x00000000a0000000,0x00000000a577bb40,0x00000000a7380000)
 Metaspace       used 92852K, capacity 98420K, committed 98584K, reserved 1134592K
  class space    used 11755K, capacity 12805K, committed 12824K, reserved 1048576K
Event: 7924.879 GC heap after
Heap after GC invocations=43 (full 4):
 PSYoungGen      total 310272K, used 0K [0x00000000e0000000, 0x00000000f7880000, 0x0000000100000000)
  eden space 249344K, 0% used [0x00000000e0000000,0x00000000e0000000,0x00000000ef380000)
  from space 60928K, 0% used [0x00000000ef380000,0x00000000ef380000,0x00000000f2f00000)
  to   space 59904K, 0% used [0x00000000f3e00000,0x00000000f3e00000,0x00000000f7880000)
 ParOldGen       total 162816K, used 42997K [0x00000000a0000000, 0x00000000a9f00000, 0x00000000e0000000)
  object space 162816K, 26% used [0x00000000a0000000,0x00000000a29fd5b0,0x00000000a9f00000)
 Metaspace       used 90514K, capacity 94562K, committed 98584K, reserved 1134592K
  class space    used 11329K, capacity 12071K, committed 12824K, reserved 1048576K
}
Event: 7930.393 GC heap before
{Heap before GC invocations=44 (full 4):
 PSYoungGen      total 310272K, used 249344K [0x00000000e0000000, 0x00000000f7880000, 0x0000000100000000)
  eden space 249344K, 100% used [0x00000000e0000000,0x00000000ef380000,0x00000000ef380000)
  from space 60928K, 0% used [0x00000000ef380000,0x00000000ef380000,0x00000000f2f00000)
  to   space 59904K, 0% used [0x00000000f3e00000,0x00000000f3e00000,0x00000000f7880000)
 ParOldGen       total 162816K, used 42997K [0x00000000a0000000, 0x00000000a9f00000, 0x00000000e0000000)
  object space 162816K, 26% used [0x00000000a0000000,0x00000000a29fd5b0,0x00000000a9f00000)
 Metaspace       used 105462K, capacity 110676K, committed 111768K, reserved 1146880K
  class space    used 13409K, capacity 14334K, committed 14488K, reserved 1048576K
Event: 7930.474 GC heap after
Heap after GC invocations=44 (full 4):
 PSYoungGen      total 326144K, used 28940K [0x00000000e0000000, 0x00000000f7700000, 0x0000000100000000)
  eden space 267776K, 0% used [0x00000000e0000000,0x00000000e0000000,0x00000000f0580000)
  from space 58368K, 49% used [0x00000000f3e00000,0x00000000f5a43328,0x00000000f7700000)
  to   space 57856K, 0% used [0x00000000f0580000,0x00000000f0580000,0x00000000f3e00000)
 ParOldGen       total 162816K, used 43005K [0x00000000a0000000, 0x00000000a9f00000, 0x00000000e0000000)
  object space 162816K, 26% used [0x00000000a0000000,0x00000000a29ff5b0,0x00000000a9f00000)
 Metaspace       used 105462K, capacity 110676K, committed 111768K, reserved 1146880K
  class space    used 13409K, capacity 14334K, committed 14488K, reserved 1048576K
}
Event: 8094.910 GC heap before
{Heap before GC invocations=45 (full 4):
 PSYoungGen      total 326144K, used 296716K [0x00000000e0000000, 0x00000000f7700000, 0x0000000100000000)
  eden space 267776K, 100% used [0x00000000e0000000,0x00000000f0580000,0x00000000f0580000)
  from space 58368K, 49% used [0x00000000f3e00000,0x00000000f5a43328,0x00000000f7700000)
  to   space 57856K, 0% used [0x00000000f0580000,0x00000000f0580000,0x00000000f3e00000)
 ParOldGen       total 162816K, used 43005K [0x00000000a0000000, 0x00000000a9f00000, 0x00000000e0000000)
  object space 162816K, 26% used [0x00000000a0000000,0x00000000a29ff5b0,0x00000000a9f00000)
 Metaspace       used 110480K, capacity 115772K, committed 116632K, reserved 1150976K
  class space    used 13894K, capacity 14892K, committed 15000K, reserved 1048576K
Event: 8094.985 GC heap after
Heap after GC invocations=45 (full 4):
 PSYoungGen      total 325632K, used 35546K [0x00000000e0000000, 0x00000000f8600000, 0x0000000100000000)
  eden space 267776K, 0% used [0x00000000e0000000,0x00000000e0000000,0x00000000f0580000)
  from space 57856K, 61% used [0x00000000f0580000,0x00000000f2836820,0x00000000f3e00000)
  to   space 58368K, 0% used [0x00000000f4d00000,0x00000000f4d00000,0x00000000f8600000)
 ParOldGen       total 162816K, used 43021K [0x00000000a0000000, 0x00000000a9f00000, 0x00000000e0000000)
  object space 162816K, 26% used [0x00000000a0000000,0x00000000a2a035b0,0x00000000a9f00000)
 Metaspace       used 110480K, capacity 115772K, committed 116632K, reserved 1150976K
  class space    used 13894K, capacity 14892K, committed 15000K, reserved 1048576K
}
Event: 11629.841 GC heap before
{Heap before GC invocations=46 (full 4):
 PSYoungGen      total 325632K, used 303322K [0x00000000e0000000, 0x00000000f8600000, 0x0000000100000000)
  eden space 267776K, 100% used [0x00000000e0000000,0x00000000f0580000,0x00000000f0580000)
  from space 57856K, 61% used [0x00000000f0580000,0x00000000f2836820,0x00000000f3e00000)
  to   space 58368K, 0% used [0x00000000f4d00000,0x00000000f4d00000,0x00000000f8600000)
 ParOldGen       total 162816K, used 43021K [0x00000000a0000000, 0x00000000a9f00000, 0x00000000e0000000)
  object space 162816K, 26% used [0x00000000a0000000,0x00000000a2a035b0,0x00000000a9f00000)
 Metaspace       used 115344K, capacity 121048K, committed 121240K, reserved 1155072K
  class space    used 14353K, capacity 15425K, committed 15512K, reserved 1048576K
Event: 11630.345 GC heap after
Heap after GC invocations=46 (full 4):
 PSYoungGen      total 333824K, used 54471K [0x00000000e0000000, 0x00000000f9180000, 0x0000000100000000)
  eden space 275456K, 0% used [0x00000000e0000000,0x00000000e0000000,0x00000000f0d00000)
  from space 58368K, 93% used [0x00000000f4d00000,0x00000000f8231cc0,0x00000000f8600000)
  to   space 65536K, 0% used [0x00000000f0d00000,0x00000000f0d00000,0x00000000f4d00000)
 ParOldGen       total 162816K, used 43029K [0x00000000a0000000, 0x00000000a9f00000, 0x00000000e0000000)
  object space 162816K, 26% used [0x00000000a0000000,0x00000000a2a055b0,0x00000000a9f00000)
 Metaspace       used 115344K, capacity 121048K, committed 121240K, reserved 1155072K
  class space    used 14353K, capacity 15425K, committed 15512K, reserved 1048576K
}
Event: 11641.079 GC heap before
{Heap before GC invocations=47 (full 4):
 PSYoungGen      total 333824K, used 329927K [0x00000000e0000000, 0x00000000f9180000, 0x0000000100000000)
  eden space 275456K, 100% used [0x00000000e0000000,0x00000000f0d00000,0x00000000f0d00000)
  from space 58368K, 93% used [0x00000000f4d00000,0x00000000f8231cc0,0x00000000f8600000)
  to   space 65536K, 0% used [0x00000000f0d00000,0x00000000f0d00000,0x00000000f4d00000)
 ParOldGen       total 162816K, used 43029K [0x00000000a0000000, 0x00000000a9f00000, 0x00000000e0000000)
  object space 162816K, 26% used [0x00000000a0000000,0x00000000a2a055b0,0x00000000a9f00000)
 Metaspace       used 116990K, capacity 122882K, committed 123032K, reserved 1157120K
  class space    used 14545K, capacity 15690K, committed 15768K, reserved 1048576K
Event: 11646.919 GC heap after
Heap after GC invocations=47 (full 4):
 PSYoungGen      total 340992K, used 28805K [0x00000000e0000000, 0x00000000fb100000, 0x0000000100000000)
  eden space 275456K, 0% used [0x00000000e0000000,0x00000000e0000000,0x00000000f0d00000)
  from space 65536K, 43% used [0x00000000f0d00000,0x00000000f2921478,0x00000000f4d00000)
  to   space 61952K, 0% used [0x00000000f7480000,0x00000000f7480000,0x00000000fb100000)
 ParOldGen       total 162816K, used 43037K [0x00000000a0000000, 0x00000000a9f00000, 0x00000000e0000000)
  object space 162816K, 26% used [0x00000000a0000000,0x00000000a2a075b0,0x00000000a9f00000)
 Metaspace       used 116990K, capacity 122882K, committed 123032K, reserved 1157120K
  class space    used 14545K, capacity 15690K, committed 15768K, reserved 1048576K
}

